have_header: checking for cv.h... -------------------- no

"clang -o conftest -I/Users/nagi/.rbenv/versions/2.1.0/include/ruby-2.1.0/x86_64-darwin13.0 -I/Users/nagi/.rbenv/versions/2.1.0/include/ruby-2.1.0/ruby/backward -I/Users/nagi/.rbenv/versions/2.1.0/include/ruby-2.1.0 -I. -I/Users/nagi/.rbenv/versions/2.1.0/include  -D_XOPEN_SOURCE -D_DARWIN_C_SOURCE -D_DARWIN_UNLIMITED_SELECT -D_REENTRANT    -O3 -Wno-error=shorten-64-to-32  -pipe conftest.c  -L. -L/Users/nagi/.rbenv/versions/2.1.0/lib -L. -L/Users/nagi/.rbenv/versions/2.1.0/lib  -fstack-protector     -lruby-static -framework CoreFoundation  -lpthread -ldl -lobjc "
checked program was:
/* begin */
1: #include "ruby.h"
2: 
3: int main(int argc, char **argv)
4: {
5:   return 0;
6: }
/* end */

"clang -E -I/Users/nagi/.rbenv/versions/2.1.0/include/ruby-2.1.0/x86_64-darwin13.0 -I/Users/nagi/.rbenv/versions/2.1.0/include/ruby-2.1.0/ruby/backward -I/Users/nagi/.rbenv/versions/2.1.0/include/ruby-2.1.0 -I. -I/Users/nagi/.rbenv/versions/2.1.0/include  -D_XOPEN_SOURCE -D_DARWIN_C_SOURCE -D_DARWIN_UNLIMITED_SELECT -D_REENTRANT    -O3 -Wno-error=shorten-64-to-32  -pipe  conftest.c -o conftest.i"
conftest.c:3:10: fatal error: 'cv.h' file not found
#include <cv.h>
         ^
1 error generated.
checked program was:
/* begin */
1: #include "ruby.h"
2: 
3: #include <cv.h>
/* end */

--------------------

have_header: checking for opencv/cv.h... -------------------- yes

"clang -E -I/Users/nagi/.rbenv/versions/2.1.0/include/ruby-2.1.0/x86_64-darwin13.0 -I/Users/nagi/.rbenv/versions/2.1.0/include/ruby-2.1.0/ruby/backward -I/Users/nagi/.rbenv/versions/2.1.0/include/ruby-2.1.0 -I. -I/Users/nagi/.rbenv/versions/2.1.0/include  -D_XOPEN_SOURCE -D_DARWIN_C_SOURCE -D_DARWIN_UNLIMITED_SELECT -D_REENTRANT    -O3 -Wno-error=shorten-64-to-32  -pipe  conftest.c -o conftest.i"
checked program was:
/* begin */
1: #include "ruby.h"
2: 
3: #include <opencv/cv.h>
/* end */

--------------------

